[2018-09-12 18:56:50] [info] Start Program:
Path:"C:\Users\hello_OK\Desktop\031602605\src\WordCount\Debug\WordCount.exe"
Arguments:C:\Users\hello_OK\Desktop\031602605\src\WordCount\test\input.txt 
Working directory: "C:\Users\hello_OK\Desktop\031602605\src\WordCount\WordCount\"
Modules: Selected: C:\Users\hello_OK\Desktop\031602605\src\WordCount\Debug\WordCount.exe C:\Users\hello_OK\Desktop\031602605\src\WordCount\Debug\UnitTest1.dll Excluded: 
Sources: Selected: C:\Users\hello_OK\Desktop\031602605\src\WordCount\WordCount C:\Users\hello_OK\Desktop\031602605\src\WordCount\UnitTest1 Excluded: 
Log Level: Normal
Cover Children: 0
Aggregate by file: 1
Continue after C++ exception: 0
Optimized build support: 0
Export: Binary C:\Users\hello_OK\AppData\Local\Temp\40fnk4oq.pni 
Input coverage: 
Unified diff: 
Excluded line regular expressions: 

[2018-09-12 18:56:50] [info] Module: C:\Users\hello_OK\Desktop\031602605\src\WordCount\Debug\WordCount.exe is selected because it matches selected pattern: 
[2018-09-12 18:56:50] [warning] c:\users\hello_ok\desktop\031602605\src\wordcount\wordcount\stdafx.cpp line 314 does not exist, skipped
[2018-09-12 18:56:50] [info] Module: C:\Windows\SysWOW64\ntdll.dll is skipped because it matches no selected patterns
[2018-09-12 18:56:50] [info] Module: C:\Windows\SysWOW64\kernel32.dll is skipped because it matches no selected patterns
[2018-09-12 18:56:50] [info] Module: C:\Windows\SysWOW64\KernelBase.dll is skipped because it matches no selected patterns
[2018-09-12 18:56:50] [info] Module: C:\Windows\SysWOW64\vcruntime140d.dll is skipped because it matches no selected patterns
[2018-09-12 18:56:50] [info] Module: C:\Windows\SysWOW64\msvcp140d.dll is skipped because it matches no selected patterns
[2018-09-12 18:56:50] [info] Module: C:\Windows\SysWOW64\ucrtbased.dll is skipped because it matches no selected patterns
[2018-09-12 18:56:50] [info] Module: C:\Windows\SysWOW64\kernel.appcore.dll is skipped because it matches no selected patterns
[2018-09-12 18:56:50] [info] Module: C:\Windows\SysWOW64\msvcrt.dll is skipped because it matches no selected patterns
[2018-09-12 18:56:50] [info] Module: C:\Windows\SysWOW64\rpcrt4.dll is skipped because it matches no selected patterns
[2018-09-12 18:56:50] [info] Module: C:\Windows\SysWOW64\sspicli.dll is skipped because it matches no selected patterns
[2018-09-12 18:56:50] [info] Module: C:\Windows\SysWOW64\cryptbase.dll is skipped because it matches no selected patterns
[2018-09-12 18:56:50] [info] Module: C:\Windows\SysWOW64\bcryptprimitives.dll is skipped because it matches no selected patterns
[2018-09-12 18:56:50] [info] Module: C:\Windows\SysWOW64\sechost.dll is skipped because it matches no selected patterns
[2018-09-12 18:56:50] [info] ----------------------------------------------------
[2018-09-12 18:56:50] [info] Coverage binary generated in file: C:\Users\hello_OK\AppData\Local\Temp\40fnk4oq.pni
[2018-09-12 18:56:50] [info] ----------------------------------------------------
